Subsurface: v5.0.2-38-gf308a6b57be0, built with libdivecomputer v0.8.0-devel (03974481b0f29d432aea41ebeb9d75291097dfde)
[0.000000] INFO: Open: transport=32
[0.000015] INFO: Configure: baudrate=115200, databits=8, parity=0, stopbits=0, flowcontrol=0
[0.000017] INFO: Timeout: value=1000
[0.000019] INFO: Sleep: value=300
[0.303183] INFO: Purge: direction=3
[0.303306] INFO: Write: size=5, data=A00301005B
[0.335799] INFO: Read: size=17, data=A103010C44424B3230343030303037C32D
Event: model=0 (0x00000000), firmware=0 (0x00000000), serial=20400007 (0x01374787)
[0.335852] INFO: Write: size=7, data=A0040102000058
[0.368591] INFO: Read: size=7, data=A1040102130044
[0.368644] INFO: Write: size=7, data=C0020102130027
[0.401069] INFO: Read: size=161, data=C102019C13000000020000007800000015071F0D1D1B14000A00000001000000A6040000E800000000000000074F08007F4F08004430312D35430000F3030000000000000000000000000000000000000000000000000000160316031603160316031603160316031603160316031603160316031603160300000000000000000000000000000000000000000000000000000000000000000000000000000000DD
[0.401129] INFO: Write: size=11, data=C003010613000000000022
[0.433375] INFO: Read: size=133, data=C103018002FF8304EA0002FF8B04E90002FF9104E90002FF9C04E90002FFA104E90002FFA604E90002FE9A04E90002FE6B04E90002FE7104E90002FE5704E80002FE5A04E80002FE5004E80002FD5B04E80002FD4E04E80002FD4804E80002FD4504E80002FD4004E80002FD1C04E80002FC0304E80002FCF303E800FF02FF8304EA000251
[0.433491] INFO: Write: size=7, data=C0020102120028
[0.466159] INFO: Read: size=161, data=C102019C1200000002000000C000000015071F0D1C2A1400100000000100000089040000E800000000000000464E0800064F08004430312D3543000006040000000000000000000000000000000000000000000000000000160316031603160316031603160316031603160316031603160316031603160300000000000000000000000000000000000000000000000000000000000000000000000000000000C6
[0.466264] INFO: Write: size=11, data=C003010612000000000023
[0.508651] INFO: Read: size=133, data=C103018002FF8904EC0002FF6A04EB0002FF5404EB0002FF5E04EB0002FF6F04EB0002FF7404EB0002FE6A04EA0002FE5704EA0002FE5604EA0002FE5604EA0002FE4F04EA0002FE4504EA0002FD4E04EA0002FD4E04EA0002FD5204EA0002FD7E04E90002FD8804E90002FD8804E90002FC8604E90002FC8304E90002FC7E04E90002FCAF
[0.508709] INFO: Write: size=11, data=C0030106120080000000A3
[0.540754] INFO: Read: size=133, data=C10301807604E90002FC6A04E90002FC5504E90002FB5C04E90002FB6304E90002FB5304E80002FB4B04E80002FB4604E80002FB3004E80002FA0704E80002FAF303E800FF02FF8304EA0002FF8B04E90002FF9104E90002FF9C04E90002FFA104E90002FFA604E90002FE9A04E90002FE6B04E90002FE7104E90002FE5704E80002FE5ABE
[0.540872] INFO: Write: size=7, data=C0020102110029
[0.562661] INFO: Read: size=161, data=C102019C11000000020000001E00000015071F0D0A121400020000000100000070040000F700000000000000274E0800454E08004430312D354300006204000000000000000000000000000000000000000000000000000016031603160316031603160316031603160316031603160316031603160316030000000000000000000000000000000000000000000000000000000000000000000000000000000030
[0.562728] INFO: Write: size=11, data=C003010611000000000024
[0.597033] INFO: Read: size=133, data=C103018002FF7004FA0002FF6F04F90002FF4504F80002FF1804F80002FF0604F700FF02FF8904EC0002FF6A04EB0002FF5404EB0002FF5E04EB0002FF6F04EB0002FF7404EB0002FE6A04EA0002FE5704EA0002FE5604EA0002FE5604EA0002FE4F04EA0002FE4504EA0002FD4E04EA0002FD4E04EA0002FD5204EA0002FD7E04E90002A7
[0.597115] INFO: Write: size=7, data=C002010210002A
[0.629737] INFO: Read: size=161, data=C102019C1000000000000000D602000015061A1500331400770400000A000000FC0500001901000000000000504B0800264E08004430312D35430000E803000000000000010000000200000005000000020000000000000047037B039603A2039D038B03760365035903510348033E03350328031F0316030000000000000000000000000000000000000000000000000000000000000000805101000000000067
[0.629799] INFO: Write: size=11, data=C003010610000000000025
[0.719015] INFO: Read: size=133, data=C103018002FF51041A0102FFDE041A0102FF83051A0102FFA0051A0102FFE9051A0102FFAC051A0102FEC3051A0102FED7051A0102FED5051A0102FEC8051A0102FEC7051A0102FEB7051A0102FD8D051A0102FD6E051A0102FD78051A0102FDAE051A0102FDD8051A0102FDE7051A0102FCC9051A0102FCD2051A0102FCC7051A0102FC46
[0.719186] INFO: Write: size=11, data=C0030106100080000000A5
[0.751169] INFO: Read: size=133, data=C1030180C7051A0102FCCA051A0102FCFC051A0102FBBA051A0102FBB7051A0102FB8F051A0102FB76051A0102FB70051B0102FB5D051A0102FA5B051A0102FA6A051A0102FA61051B0102FA38051B0102FA3D051B0102FA48051B0102F936051B0102F913051B0102F917051B0102F90B051B0102F909051B0102F902051B0102F8DE0456
[0.751225] INFO: Write: size=11, data=C003010610000001000024
[0.795003] INFO: Read: size=133, data=C10301801B0102F8D8041B0102F8C0041B0102F8EF041B0102F8F2041B0102F8FD041B0102F718051B0102F707051B0102F736051B0102F724051B0102F72F051B0102F730051B0102F60C051B0102F62F051B0102F65B051B0102F641051B0102F64D051B0102F656051B0102F559051B0102F56C051B0102F567051C0102F554051C0140
[0.795064] INFO: Write: size=11, data=C0030106100080010000A4
[0.828449] INFO: Read: size=133, data=C103018002F58C051C0102F574051C0102F46F051C0102F45F051C0102F442051C0102F468051C0102F478051C0102F47E051C0102F373051C0102F352051C0102F356051C0102F380051C0102F39F051C0102F3B1051C0102F2AF051C0102F2A8051C0102F290051C0102F27E051C0102F26A051C0102F280051C0102F176051C0102F1C4
[0.828510] INFO: Write: size=11, data=C003010610000002000023
[0.862587] INFO: Read: size=133, data=C103018068051C0102F15D051C0102F15D051C0102F140051C0102F10E051C0102F025051C0102F016051C0102F0D5041D0102F0C0041D0102F0BE041D0102F088041D0102EF9A041D0102EF07041D0102EFED031D0102EFED031D0102EF02041D0102EF1E041D0102EEF8031D0102EEF8031D0102EEED031D0102EE13041D0102EEF8031B
[0.862645] INFO: Write: size=11, data=C0030106100080020000A3
[0.896073] INFO: Read: size=133, data=C10301801D0102EEF0031D0102ED02041D0102EDEE031D0102ED0C041D0102EDED031D0102ED16041D0102ED1A041D0102EC0C041D0102ECF2031D0102ECEE031D0102ECF2031D0102EC03041C0102ECF2031C0102EB0C041C01FF02FF7004FA0002FF6F04F90002FF4504F80002FF1804F80002FF0604F700FF02FF8904EC0002FF6A04BB
[0.896218] INFO: Write: size=7, data=C00201020F002B
[0.929116] INFO: Read: size=161, data=C102019C0F00000000000000F405000015061A140E381400AF0900000A0000007E06000019010000000000005B4508004F4B08004430312D35430000E8030000000000000100000002000000000000000500000000000000D103F403F003DA03B803930373035F0353034C0343033A03310325031C03140300000000000000000000000000000000000000000000000000000000000000008051010000000000BD
[0.929203] INFO: Write: size=11, data=C00301060F000000000026
[0.961593] INFO: Read: size=133, data=C103018002FF53041D0102FF7E041D0102FFE9041D0102FF20051D0102FF05051D0102FF3B051D0102FE5C051C0102FE67051C0102FE69051C0102FE75051C0102FE9E051C0102FEA0051C0102FD7A051C0102FDAB051C0102FDA7051C0102FD90051C0102FD99051C0102FDA8051C0102FCB0051C0102FCC4051C0102FCA4051C0102FC47
[0.961655] INFO: Write: size=11, data=C00301060F0080000000A6
[1.006900] INFO: Read: size=133, data=C10301807C051C0102FCA6051C0102FCA8051C0102FBA7051C0102FB96051C0102FBB8051C0102FBC3051C0102FBC2051C0102FBA8051C0102FAD2051C0102FA9E051C0102FA78051C0102FA6C051C0102FAA1051C0102FACC051C0102F9DA051B0102F9C1051B0102F9B9051B0102F9B4051B0102F9A4051B0102F995051B0102F8A105B4
[1.006940] INFO: Write: size=11, data=C00301060F000001000025
[1.050106] INFO: Read: size=133, data=C10301801B0102F88E051B0102F849051B0102F872051B0102F87D051B0102F899051B0102F77B051B0102F771051B0102F76C051B0102F759051B0102F782051B0102F784051B0102F66A051B0102F641051B0102F633051B0102F629051B0102F63C051B0102F62E051B0102F540051B0102F542051B0102F546051B0102F555051B01E1
[1.050147] INFO: Write: size=11, data=C00301060F0080010000A5
[1.073039] INFO: Read: size=133, data=C103018002F556051B0102F565051B0102F456051B0102F471051B0102F45E051B0102F473051B0102F47E051B0102F47C051B0102F372051B0102F39A051B0102F381051B0102F384051B0102F36B051B0102F387051B0102F2A4051A0102F2D7051A0102F2B2051A0102F2BE051A0102F294051B0102F2AF051A0102F1A8051B0102F1D6
[1.073091] INFO: Write: size=11, data=C00301060F000002000024
[1.105862] INFO: Read: size=133, data=C1030180CF051A0102F1E3051A0102F1D4051A0102F1BD051A0102F1CE051A0102F0EC051A0102F0CF051A0102F0BD051A0102F0F0051A0102F0E1051A0102F0D1051A0102EFC3051A0102EFEE051A0102EFD8051A0102EFCC051A0102EFD5051A0102EFE3051A0102EEC4051A0102EE94051A0102EE6E051A0102EE8E051A0102EEA60515
[1.105975] INFO: Write: size=11, data=C00301060F0080020000A4
[1.140661] INFO: Read: size=133, data=C10301801A0102EE85051A0102ED96051A0102ED69051A0102ED80051A0102ED98051A0102ED81051A0102ED83051A0102ECA8051A0102EC9C051A0102EC93051A0102EC93051A0102ECA6051A0102EC8B051A0102EB9C051A0102EB94051A0102EB6E051A0102EB97051A0102EBAA051A0102EBC7051A0102EAB8051A0102EAC3051A011F
[1.140715] INFO: Write: size=11, data=C00301060F000003000023
[1.206633] INFO: Read: size=133, data=C103018002EAD9051A0102EAE1051A0102EAC3051A0102EAFE051A0102E908061A0102E9F7051A0102E9F0051A0102E92B061A0102E916061A0102E933061A0102E801061A0102E80F06190102E82706190102E80A061A0102E83B061A0102E83706190102E71A06190102E74506190102E74506190102E74F06190102E72B06190102E740
[1.206670] INFO: Write: size=11, data=C00301060F0080030000A3
[1.242491] INFO: Read: size=133, data=C10301806706190102E65006190102E63C06190102E64C06190102E63C06190102E64E06190102E64F06190102E53906190102E53506190102E54D06190102E52D06190102E55606190102E54F06190102E41406190102E44106190102E42206190102E40A06190102E43306190102E41F06190102E33E06190102E34F06190102E35206D0
[1.242519] INFO: Write: size=11, data=C00301060F000004000022
[1.278250] INFO: Read: size=133, data=C1030180190102E36006190102E36106190102E33B06190102E25D06190102E25406190102E23F06190102E23806190102E24606190102E26106190102E14506190102E11F06190102E12B06190102E17506190102E13C06190102E12A06190102E02406190102E02406190102E01E06190102E02506190102E03206190102E05206190117
[1.278287] INFO: Write: size=11, data=C00301060F0080040000A2
[1.321323] INFO: Read: size=133, data=C103018002DF0F061A0102DF2A061A0102DF09061A0102DF0B061A0102DFE7051A0102DFC3051A0102DEE7051A0102DEED051A0102DEDC051A0102DEC1051A0102DEA8051A0102DE94051A0102DD22051A0102DD7D051A0102DDAE051A0102DDA0051A0102DDAC051A0102DDAB051A0102DC92051A0102DC93051A0102DC55051A0102DC7C
[1.321364] INFO: Write: size=11, data=C00301060F000005000021
[1.365264] INFO: Read: size=133, data=C103018071051A0102DC9C051A0102DCB6051A0102DBB9051A0102DBC5051A0102DBD6051A0102DBC2051A0102DBB4051A0102DBAA051A0102DA8D051A0102DAA0051A0102DAA5051A0102DA7B051A0102DA83051A0102DA64051A0102D9A6051A0102D98B051A0102D997051A0102D9B6051A0102D9A9051A0102D98C051A0102D8B30536
[1.365297] INFO: Write: size=11, data=C00301060F0080050000A1
[1.386775] INFO: Read: size=133, data=C10301801A0102D8B1051A0102D89C051A0102D8A6051A0102D8B1051A0102D8A4051A0102D7AD051A0102D7A1051A0102D7B0051A0102D785051A0102D71D051A0102D70E051A0102D6CC041A0102D67C041A0102D6F7031A0102D6F1031A0102D6F7031A0102D6F3031A0102D5F5031A0102D5F2031A01FF02FF51041A0102FFDE041AD3
[1.386915] INFO: Write: size=7, data=C00201020E002C
[1.420237] INFO: Read: size=161, data=C102019C0E000000000000005A00000015061A1409111400590000000A000000CC0400001B01000000000000004508005A4508004430312D35430000E803000000000000010000000200000002000000000000000000000037035303470333031D030E030A0312031C032303230320031C0314030E030903000000000000000000000000000000000000000000000000000000000000000080510100000000002D
[1.420289] INFO: Write: size=11, data=C00301060E000000000027
[1.452792] INFO: Read: size=133, data=C103018002FF94041C0102FFB4041C0102FFED031C0102FF1A041D0102FFFD031D0102FFED031C0102FEED031B0102FEF2031B0102FEEC031B0102FEED031C0102FEF2031C0102FEEB031C0102FDEC031C0102FD12041C0102FDEF031C01FF02FF53041D0102FF7E041D0102FFE9041D0102FF20051D0102FF05051D0102FF3B051D010229
[1.452883] INFO: Write: size=7, data=C00201020D002D
[1.497185] INFO: Read: size=161, data=C102019C0D00000000000000AC02000015061A13300E14002F0400000A000000E60500001C0100000000000053420800FF4408004430312D35430000E8030000000000000100000002000000060000000200000000000000AD03910369034503270314030E0315031F032503250322031D0315030F030A0300000000000000000000000000000000000000000000000000000000000000008051010000000000BB
[1.497217] INFO: Write: size=11, data=C00301060D000000000028
[1.533773] INFO: Read: size=133, data=C103018002FF9B041E0102FFF3031F0102FF0C041F0102FFEE031F0102FFFB031F0102FFEC031E0102FEED031F0102FEF5031E0102FEEE031F0102FEFD031F0102FEED031F0102FEF7031F0102FDF3031F0102FDFB031F0102FD21041E0102FD29041F0102FD6D041E0102FDBB041E0102FCC4041E0102FCEC041E0102FCFB041E0102FCB8
[1.533884] INFO: Write: size=11, data=C00301060D0080000000A8
[1.575502] INFO: Read: size=133, data=C10301800E051E0102FC21051E0102FC32051E0102FB3D051D0102FB63051D0102FB64051D0102FB94051D0102FB92051C0102FB94051C0102FAB4051C0102FAC2051C0102FAC4051C0102FAC3051C0102FAA5051C0102FAAB051C0102F9B2051C0102F9C8051C0102F9AB051C0102F99E051C0102F9A0051C0102F992051C0102F8920540
[1.575548] INFO: Write: size=11, data=C00301060D000001000027
[1.597344] INFO: Read: size=133, data=C10301801C0102F896051C0102F8C2051C0102F8A8051C0102F875051C0102F878051C0102F798051C0102F7C5051C0102F7C7051C0102F7C8051C0102F7C5051C0102F7B8051C0102F6A7051C0102F6B3051C0102F6C4051C0102F6B1051C0102F6B6051C0102F6BA051C0102F5B0051C0102F5AC051C0102F5C8051C0102F5C2051C01F4
[1.597364] INFO: Write: size=11, data=C00301060D0080010000A7
[1.629010] INFO: Read: size=133, data=C103018002F5CE051C0102F5B7051C0102F49E051C0102F497051C0102F49D051C0102F4B4051C0102F4C5051C0102F4C3051C0102F3B9051C0102F3B7051C0102F3C1051C0102F3D0051C0102F3B4051C0102F3B4051C0102F2AE051C0102F2B6051C0102F2C7051C0102F2C1051C0102F2AA051C0102F2CA051C0102F1D3051C0102F1B3
[1.629042] INFO: Write: size=11, data=C00301060D000002000026
[1.717571] INFO: Read: size=133, data=C1030180CE051C0102F1B9051C0102F1AF051C0102F1AD051C0102F1BF051C0102F0B4051C0102F08A051C0102F0B7051C0102F0C1051C0102F0D4051C0102F0C7051C0102EFC9051C0102EFD1051C0102EFC2051C0102EFC5051C0102EF9B051C0102EF45051C0102EE0C051C0102EECC041C0102EEA2041C0102EEE0041D0102EE1504BD
[1.717639] INFO: Write: size=11, data=C00301060D0080020000A6
[1.750143] INFO: Read: size=133, data=C10301801D0102EE18041D0102EDEF031D0102EDFE031D0102EDFA031D0102ED03041D0102EDFC031D0102EDFE031D01FF02FF94041C0102FFB4041C0102FFED031C0102FF1A041D0102FFFD031D0102FFED031C0102FEED031B0102FEF2031B0102FEEC031B0102FEED031C0102FEF2031C0102FEEB031C0102FDEC031C0102FD12041C9C
[1.750268] INFO: Write: size=7, data=C00201020C002E
[1.782340] INFO: Read: size=161, data=C102019C0C000000000000004803000015061A0F270A14001F0500000A0000002A1100000D010000000000000A3F0800524208004430312D35430000E8030000000000000100000002000000070000000600000000000000BE056A062406AF053D05DF0488043604EA03B3038A0367034C0335032503190300000000000000000000000000000000000000000000000000000000000000008051010000000000E3
[1.782374] INFO: Write: size=11, data=C00301060C000000000029
[1.816242] INFO: Read: size=133, data=C103018002FF5804270102FF8504230102FF9D04210102FF4D051F0102FF83051D0102FFC8051C0102FE4F061B0102FE66061B0102FECE061A0102FE2007190102FE6907180102FEB407180102FD1B08180102FD6908170102FDE808170102FD3009170102FDAB09160102FD030A160102FC570A150102FC6A0A140102FCAD0A140102FC6D
[1.816274] INFO: Write: size=11, data=C00301060C0080000000A9
[1.871865] INFO: Read: size=133, data=C1030180260B130102FC840B130102FCDA0B120102FB320C120102FB3C0C110102FBA90C110102FB270D110102FB9A0D100102FBBF0D100102FAF60D100102FAE60D100102FA940E0F0102FA310F0F0102FA9D0F0F0102FA30100E0102F9AE100E0102F900110E0102F90A110E0102F91C110E0102F9E4100E0102F9D6100E0102F8F61069
[1.871895] INFO: Write: size=11, data=C00301060C000001000028
[1.903769] INFO: Read: size=133, data=C10301800E0102F80E110E0102F804110E0102F8E8100E0102F8EF100E0102F8F0100E0102F7FB100E0102F711110E0102F70E110E0102F711110E0102F706110E0102F71A110E0102F60F110E0102F608110E0102F613110E0102F61F110D0102F617110E0102F6FC100E0102F502110E0102F5C0100E0102F57D100E0102F505100E01EC
[1.903806] INFO: Write: size=11, data=C00301060C0080010000A8
[1.935245] INFO: Read: size=133, data=C103018002F5C70F0E0102F5B00F0E0102F4A10F0E0102F48A0F0E0102F46B0F0E0102F4210F0E0102F4230F0E0102F43D0F0E0102F3420F0E0102F3670F0E0102F3490F0E0102F3720F0E0102F3AF0F0E0102F39A0F0E0102F2700F0E0102F2D40F0E0102F21E100E0102F279100E0102F2D80F0E0102F2E80E0E0102F1670E0E0102F1F9
[1.935271] INFO: Write: size=11, data=C00301060C000002000027
[1.957217] INFO: Read: size=133, data=C1030180550E0F0102F1680E0F0102F12B0E0F0102F1DC0D0F0102F1800D0F0102F0290D0F0102F0880C0F0102F0570C100102F0BE0B110102F04E0B110102F0FE0A110102EF980A120102EF480A120102EFE509130102EF4809140102EF9E08140102EF3C08150102EED507160102EE3807160102EEC006160102EE3006170103EE300614
[1.957324] INFO: Write: size=11, data=C00301060C0080020000A7
[1.990584] INFO: Read: size=133, data=C1030180010002EE0206170102EEEF05170102EDDE05170102EDDD05170102EDC605170102EDDB05170102EDD405170102EDDB05170102ECEE05170102ECE905170102ECD705170102ECC705180102ECBA05170102ECC105170102EBE905170102EB0606170102EBFD05170102EBD605170103EBD605070002EBC705170102EBCB051701C6
[1.990615] INFO: Write: size=11, data=C00301060C000003000026
[2.025098] INFO: Read: size=133, data=C103018002EACE05170102EA4F05180102EA9004180102EA6304180102EA1B04180102EA0D04190102E9ED03190102E9F203190102E9ED03190102E9EF03190102E9F303190102E9EF031901FF02FF9B041E0102FFF3031F0102FF0C041F0102FFEE031F0102FFFB031F0102FFEC031E0102FEED031F0102FEF5031E0102FEEE031F0102FD
[2.025265] INFO: Write: size=7, data=C00201020B002F
[2.047365] INFO: Read: size=161, data=C102019C0B000000000000009603000015061A0E071E1400A10500000A00000029110000F800000000000000733B0800093F08004430312D35430000E80300000000000001000000020000000300000007000000000000007C0553062B06B4052405A2043104D4038C035E034003280317030A030203FE02000000000000000000000000000000000000000000000000000000000000000080510100000000005A
[2.047396] INFO: Write: size=11, data=C00301060B00000000002A
[2.082937] INFO: Read: size=133, data=C103018002FF63041F0102FF65051C0102FFEB051A0102FFC606180102FF6607160102FFF607140102FEA308120102FE0D09110102FE8909100102FE100A0E0102FE700A0C0102FEDC0A0A0102FD590B090102FDC00B070102FD330C060102FD620C050102FDA20C030102FD850D010102FCF60D000102FC0D0E000102FC320EFF0002FC64
[2.082966] INFO: Write: size=11, data=C00301060B0080000000AA
[2.114803] INFO: Read: size=133, data=C1030180FA0DFF0002FC140EFE0002FC240EFE0002FBFD0DFE0002FBF40DFD0002FBE50DFD0002FB190EFD0002FBF20DFD0002FB1F0EFD0002FA320EFD0002FAE10DFD0002FAE40DFD0002FA190EFD0002FA2A0EFC0002FA3E0EFC0002F9460EFB0002F9840EFB0002F9960EFA0002F9D10EFA0002F90F0FF90002F95C0FF90002F8910F53
[2.114830] INFO: Write: size=11, data=C00301060B000001000029
[2.146143] INFO: Read: size=133, data=C1030180F80002F8F20FF80002F89110F80002F8D510F80002F8B310F80002F8C710F90002F7E010F90002F7E710F90002F7F710FA0002F70111FA0002F70B11FA0002F72111FB0002F61611FB0002F62611FB0002F6E310FA0002F6BD10FA0002F63610FB0002F6EE0FFB0002F5BB0FFC0002F5B70FFC0002F5B80FFC0002F5B80FFC00EC
[2.146175] INFO: Write: size=11, data=C00301060B0080010000A9
[2.214851] INFO: Read: size=133, data=C103018002F5BD0FFC0002F50610FC0002F4FE0FFD0002F4F60FFD0002F4EA0FFE0002F4CF0FFE0002F4B90FFE0002F4860FFF0002F32610FF0002F31E10FF0002F32110FF0002F30210FF0002F3F40F000102F3CF0F010102F2DD0F010102F2E90F010102F2AC0F010102F2750F010102F2720F010102F2500F010102F1FE0E010102F1F5
[2.214880] INFO: Write: size=11, data=C00301060B000002000028
[2.246726] INFO: Read: size=133, data=C1030180D00E020102F1B60E030102F1D70D040102F1300D070102F1CF0C0A0102F0B30C0B0102F0A20C0B0102F0680C0A0102F00D0C080102F0C20B090102F0730B0A0102EF250B0B0102EFE80A0D0102EFAB0A0D0102EF920A0E0102EF3C0A0C0102EFCE090D0102EE8C090E0102EE48090F0102EE1C090F0102EE9B080F0102EE520880
[2.246758] INFO: Write: size=11, data=C00301060B0080020000A8
[2.281341] INFO: Read: size=133, data=C10301800E0102EE10080F0102EDF7070F0102EDDA07100102ED8007100102ED5E07100102ED5C07100102ED4407110102EC5007110102ECF206100102EC9A06110102EC8B06100102ECAA06110102EC7406110102EB5706110102EB4006120103EB3B06010002EB3706120102EB3306120102EB4106120102EB2D06120102EA3606130174
[2.281374] INFO: Write: size=11, data=C00301060B000003000027
[2.325912] INFO: Read: size=133, data=C103018002EA3706120102EA5606120102EA4406120102EA3906130102EA4606130102E92206130102E92906120102E91D06120102E90606120102E91406120102E91006120102E81006120102E80F06120103E81206070002E81406120102E88805130102E81A05120102E85404130102E70D04140102E7F603150102E7EF03150102E780
[2.325945] INFO: Write: size=11, data=C00301060B0080030000A7
[2.349046] INFO: Read: size=133, data=C1030180ED03150102E71204150102E7EE03150102E6F4031501FF02FF5804270102FF8504230102FF9D04210102FF4D051F0102FF83051D0102FFC8051C0102FE4F061B0102FE66061B0102FECE061A0102FE2007190102FE6907180102FEB407180102FD1B08180102FD6908170102FDE808170102FD3009170102FDAB09160102FD0353
[2.349368] INFO: Write: size=7, data=C00201020A0030
[2.382345] INFO: Read: size=161, data=C102019C0A000000000000005A0300001506191402301400530500000A000000EF050000140100000000000018380800723B08004430312D35430000E8030000000000000100000002000000040000000300000000000000A503AD03B103B703B503A8038F0370034F033603240316030C0307030503060300000000000000000000000000000000000000000000000000000000000000008051010000000000FE
[2.382379] INFO: Write: size=11, data=C00301060A00000000002B
[2.415288] INFO: Read: size=133, data=C103018002FFA704140102FF2805140102FFE004140102FF9104150102FFBD04140102FFE804150102FEFD04150102FECC04150102FEAC04150102FEB004150102FED104150102FEB304150102FDE304150102FDE504150102FDE404150102FDF404150102FDF204150102FDC304150102FCDA04150102FCE804150102FC3405150102FCC9
[2.415320] INFO: Write: size=11, data=C00301060A0080000000AB
[2.438784] INFO: Read: size=133, data=C10301804705150102FC7505150102FC8805150102FB9605150102FBAB05150102FB9F05150102FBAD05150102FB9C05150102FB4405150102FA8605150102FAA305150102FAE605150102FAED05150102FAC805150102FAD005150102F9D805150102F9D305150102F9E205150102F9CF05150102F9B005150102F9D005150102F8BD05F2
[2.438817] INFO: Write: size=11, data=C00301060A00000100002A
[2.482261] INFO: Read: size=133, data=C1030180150102F8A305150102F88705150102F89405150102F88805150102F86005150102F74005150102F72C05150102F74905150102F74305150102F72E05150102F74B05160102F67005160102F6C205160102F6BF05160102F6C405160102F6C305160102F6C205160102F59C05160102F5AF05160102F5AC05160102F5A70516010F
[2.482291] INFO: Write: size=11, data=C00301060A0080010000AA
[2.513704] INFO: Read: size=133, data=C103018002F5AA05160102F59D05160102F48C05160102F46C05160102F45F05160102F42305160102F44D05160102F44905160102F33A05160102F32405160102F3EB04160102F31505160102F31B05160102F3EF04160102F2AD04160102F2DF04160102F2FF04160102F22005160102F24C05160102F25205160102F17805160102F1E5
[2.513739] INFO: Write: size=11, data=C00301060A000002000029
[2.546534] INFO: Read: size=133, data=C10301807505160102F18305160102F18905160102F1A705160102F19605160102F09505160102F0A105160102F09805160102F09705160102F0A005160102F09905160102EF9605160102EF9905160102EF9A05160102EF9505160102EF9905160102EF8705160102EE8705160102EE7A05160102EE7F05160102EE7405160102EE780555
[2.546567] INFO: Write: size=11, data=C00301060A0080020000A9
[2.579823] INFO: Read: size=133, data=C1030180160102EE8905160102ED6405160102ED6C05160102ED7905160102ED7A05160102ED7F05160102ED6305160102EC5C05160102EC5605160102EC7F05160102EC6A05160102EC7005160102EC6805160102EB6105160102EB6C05160102EB5F05160102EB6905160102EBA205160102EB9905160102EA8D05160102EA8205160153
[2.579844] INFO: Write: size=11, data=C00301060A000003000028
[2.604349] INFO: Read: size=133, data=C103018002EA7D05160102EA7B05160102EA6405160102EA5905160102E94905160102E90E05160102E9F904160102E9BB04160102E94004160102E9F303160102E8F003160102E8F703160102E80604160102E8ED03160102E8EC031601FF02FF63041F0102FF65051C0102FFEB051A0102FFC606180102FF6607160102FFF6071401020C
[2.604434] INFO: Write: size=7, data=C0020102090031
[2.638632] INFO: Read: size=161, data=C102019C0900000000000000FE040000150619130E271400150800000A0000000F070000120100000000000019330800173808004430312D35430000E80300000000000001000000020000000400000004000000000000003804530445042604FB03CC039B036D0346032B0319030C0304030103000302030000000000000000000000000000000000000000000000000000000000000000805101000000000061
[2.638665] INFO: Write: size=11, data=C00301060900000000002C
[2.708693] INFO: Read: size=133, data=C103018002FFA304150102FF0306150102FFD005150102FF1B06150102FF3906150102FFEA05150102FEE505150102FEC605150102FE1D06150102FE6C06150102FE4C06150102FE4D06150102FD5706150102FD2606150102FD3406150102FD2606150102FD3306150102FD2706150102FC4706150102FC0106150102FCFB05150102FC88
[2.708724] INFO: Write: size=11, data=C0030106090080000000AC
[2.761220] INFO: Read: size=133, data=C1030180E805150102FCB305150102FCDD05150102FBED05150102FBC205150102FB8C05150102FB9F05150102FB9B05150102FB8E05150102FA5D05150102FA6705150102FA3C05150102FA3605150102FA2405150102FA2205150102F91A05150102F9FE04150102F91205150102F90B05150102F9EA04150102F91105150102F80B05A0
[2.761345] INFO: Write: size=11, data=C00301060900000100002B
[2.804201] INFO: Read: size=133, data=C1030180150102F81A05150102F83D05150102F83F05150102F85905150102F85C05150102F76705150102F75F05150102F77B05140102F77E05140102F78805140102F70506140102F66306130102F68D06130102F69B06130102F6CF06130102F6B906130102F6DA06120102F5B006130102F5B706130102F5AF06130102F5D2061201AC
[2.804234] INFO: Write: size=11, data=C0030106090080010000AB
[2.847954] INFO: Read: size=133, data=C103018002F5DD06120102F5E006120102F4D206120102F4E006120102F4E106120102F4FF06120102F4F206120102F4FB06120102F3E206130102F3EB06120102F3D206120102F3B306130102F3BE06130102F3A806120102F2BD06130102F2AF06130102F2BA06120102F28906130102F26606130102F27606130102F17E06130102F199
[2.847973] INFO: Write: size=11, data=C00301060900000200002A
[2.880689] INFO: Read: size=133, data=C10301806D06130102F13906130102F12E06130102F11006130102F11F06130102F06206130102F0AA06120102F0BD06120102F0BD06120102F0D006120102F0C306120102EFD506120102EFC606120102EFC506120102EFBE06120102EFC606120102EF7F06130102EE8006120102EE7F06120102EE9506120102EE6D06130102EE9606BB
[2.880723] INFO: Write: size=11, data=C0030106090080020000AA
[2.902233] INFO: Read: size=133, data=C1030180120102EEB306120102ED7206130102ED5106130102ED1806130102EDF105130102EDBF05130102EDA705130102ECBB05130102ECFD05130102EC2B06130102EC7406120102ECB706120102ECC306120102EBB306130102EBAA06120102EBD106120102EBC006120102EBD206120102EBBF06120102EAB506130102EAB60613016F
[2.902266] INFO: Write: size=11, data=C003010609000003000029
[2.936395] INFO: Read: size=133, data=C103018002EAB106130102EA9C06120102EA9806130102EAC606120102E9B906120102E9CE06120102E9C106120102E9C406120102E9C506120102E9A406120102E89C06120102E88606130102E89406120102E88806130102E85C06130102E85406130102E76F06120102E77006130102E74B06130102E73B06130102E73306130102E7D9
[2.936427] INFO: Write: size=11, data=C0030106090080030000A9
[2.969091] INFO: Read: size=133, data=C1030180C205130102E6B305130102E62106130102E69706120102E69A06130102E68C06120102E6C706130102E5A806120102E5AD06120102E5AC06130102E5A206120102E5A306130102E5A606130102E4A506120102E4B406120102E4B406120102E4B206130102E4B306130102E49506130102E38A06130102E3C306120102E3D00686
[2.969121] INFO: Write: size=11, data=C003010609000004000028
[3.002572] INFO: Read: size=133, data=C1030180120102E3D306120102E3B406120102E3AF06120102E2A306120102E2C506120102E27206120102E26906130102E28906120102E27106120102E14506130102E15106120102E16006130102E16406130102E14606130102E16C06130102E08006120102E09506130102E09A06120102E09406120102E09A06120102E0A3061301EE
[3.002604] INFO: Write: size=11, data=C0030106090080040000A8
[3.046284] INFO: Read: size=133, data=C103018002DF8106130102DFCC06120102DFB606120102DFA006130102DF9F06130102DF9606120102DE9B06120102DEA006120102DE5106130102DEF405130102DEEC05130102DE9505130102DD5705130102DD1405130102DDA904140102DDEC03140102DDEC03140102DDEE03140102DCEC03140102DCEC03140102DCEC031401FF02DD
[3.046430] INFO: Write: size=7, data=C0020102080032
[3.089641] INFO: Read: size=161, data=C102019C08000000000000008C0400001506191221321400530700000A0000006F06000015010000000000008C2E0800183308004430312D35430000E80300000000000001000000020000000A0000000400000000000000F103EE03CC03A10375034F032E031303FF02F202EB02E702E702EA02EF02F502000000000000000000000000000000000000000000000000000000000000000080510100000000004D
[3.089668] INFO: Write: size=11, data=C00301060800000000002D
[3.114087] INFO: Read: size=133, data=C103018002FF9A04170102FF3A05170102FF5E05170102FF4C05170102FF4B05170102FF3B05170102FE4305170102FE5105170102FE4F05170102FE5805170102FE5805170102FE5205170102FD4105170102FD4405170102FD3605170102FD5305170102FD4C05170102FD1605170102FC1F05170102FC2105170102FC2305170102FCA6
[3.114123] INFO: Write: size=11, data=C0030106080080000000AD
[3.147714] INFO: Read: size=133, data=C10301802A05170102FC2105170102FC3105170102FB4705170102FB4B05170102FB5105170102FB4105160102FB4305160102FB9305160102FA9B05160102FAA305160102FACC05160102FAB905160102FABF05160102FAC405160102F9B805160102F99E05160102F99105160102F9A005160102F9AC05160102F9A805160102F8A4057A
[3.147797] INFO: Write: size=11, data=C00301060800000100002C
[3.225062] INFO: Read: size=133, data=C1030180160102F8A205160102F86F05160102F86A05160102F87505160102F88305160102F75305160102F74B05160102F70F05160102F71C05160102F70A05170102F7E304170102F60105170102F64405160102F68C05160102F68505160102F65905170102F65E05170102F59205160102F56D05160102F57105160102F57F051601CA
[3.225096] INFO: Write: size=11, data=C0030106080080010000AC
[3.257083] INFO: Read: size=133, data=C103018002F59905160102F57D05160102F49305170102F48E05160102F45E05170102F48805160102F47105160102F48105160102F39B05160102F37305170102F3A705160102F38905160102F37705170102F38B05160102F29105170102F27D05160102F28905170102F27C05170102F27405160102F23105170102F14C05160102F105
[3.257115] INFO: Write: size=11, data=C00301060800000200002B
[3.290949] INFO: Read: size=133, data=C10301807505160102F17305160102F17605160102F12D05170102F13805170102F04E05170102F06405170102F06C05160102F03C05160102F03C05160102F03B05160102EF3B05160102EF7405160102EF8A05160102EF9805160102EF9E05160102EF8305160102EE7605160102EE6305160102EE4D05160102EE2005160102EE3A0591
[3.290982] INFO: Write: size=11, data=C0030106080080020000AB
[3.325284] INFO: Read: size=133, data=C1030180160102EE2F05160102ED2505160102ED4705160102ED5F05160102ED5F05160102ED7505160102ED8905160102ECB305160102ECCF05160102ECDA05160102ECE205150102ECE105150102ECE805150102EBF605150102EBDE05150102EBE505150102EBEE05150102EBEA05150102EBDC05150102EAE605150102EAE505150148
[3.325314] INFO: Write: size=11, data=C00301060800000300002A
[3.358359] INFO: Read: size=133, data=C103018002EA1706150102EA3406150102EA0A06150102EA2E06150102E95E06150102E94406150102E95706150102E96806150102E92006150102E91D06150102E83506150102E83806150102E8E605150102E8AF05150102E80906150102E8EF05150102E7F105150102E72B06150102E73A06150102E74C06150102E7E805150102E7AA
[3.358390] INFO: Write: size=11, data=C0030106080080030000AA
[3.391364] INFO: Read: size=133, data=C10301801806150102E63206150102E64D06150102E64D06150102E64406150102E65106150102E66606150102E56106150102E55606150102E53F06150102E53506150102E54506150102E55D06150102E46306150102E44106150102E44906150102E45406150102E44F06150102E43C06150102E35C06150102E35606150102E35A06F7
[3.391398] INFO: Write: size=11, data=C003010608000004000029
[3.436466] INFO: Read: size=133, data=C1030180150102E34506150102E33606150102E32106150102E22B06150102E23306150102E20B06150102E2FF05150102E2CE05150102E2CE05150102E1D805150102E19105150102E12D05150102E17A05150102E16805150102E1FA04150102E0AF04150102E02304160102E0FB03160102E0EB03150102E0F203150102E0F00315011F
[3.436490] INFO: Write: size=11, data=C0030106080080040000A9
[3.480620] INFO: Read: size=133, data=C103018002DFEC03150102DFF3031501FF02FFA304150102FF0306150102FFD005150102FF1B06150102FF3906150102FFEA05150102FEE505150102FEC605150102FE1D06150102FE6C06150102FE4C06150102FE4D06150102FD5706150102FD2606150102FD3406150102FD2606150102FD3306150102FD2706150102FC4706150102E1
[3.480761] INFO: Write: size=7, data=C0020102070033
[3.502678] INFO: Read: size=161, data=C102019C07000000000000006A0A000015061816280C1400D51000000A000000340600000B01000000000000212408008B2E08004430312D35430000E80300000000000001000000020000000C0000000A00000000000000B703F90315041B040D04F403D803BD03A50392038203740366035A03500347030000000000000000000000000000000000000000000000000000000000000000805101000000000003
[3.502713] INFO: Write: size=11, data=C00301060700000000002E
[3.535854] INFO: Read: size=133, data=C103018002FF5A04150102FF4E04150102FF5204150102FF4904150102FF4904160102FF7204160102FE6204160102FE6C04160102FE7104160102FE8F04160102FE9604160102FEAA04160102FDC404160102FDC604160102FDD504160102FDF804160102FDF704160102FD0B05160102FC1E05160102FC2905160102FC3F05160102FCA0
[3.535885] INFO: Write: size=11, data=C0030106070080000000AE
[3.569284] INFO: Read: size=133, data=C10301805D05160102FC6005160102FC6505160102FB8E05160102FB9605160102FB8D05160102FB9B05160102FBA905160102FBB605160102FAB805160102FAB005160102FAC605160102FABB05160102FAC205160102FAB605160102F99E05160102F9C205160102F98F05160102F9A505160102F9AF05160102F9A405160102F8A10505
[3.569318] INFO: Write: size=11, data=C00301060700000100002D
[3.593297] INFO: Read: size=133, data=C1030180160102F8A905160102F8C405160102F8A305160102F88605160102F89505160102F7A305160102F7A405160102F7B905160102F7A405160102F79B05160102F79F05160102F68C05160102F68105160102F67205160102F66C05160102F66705160102F65A05160102F54E05160102F55705160102F54A05160102F54C05160103
[3.593330] INFO: Write: size=11, data=C0030106070080010000AD
[3.629395] INFO: Read: size=133, data=C103018002F54E05160102F54505160102F42105160102F40905160102F41305160102F40105160102F4CE04160102F4F904160102F3C004160102F32205160102F32905160102F32505160102F33105160102F33005160102F21905160102F23005160102F25805150102F25405150102F23E05150102F24A05150102F18805150102F13A
[3.629428] INFO: Write: size=11, data=C00301060700000200002C
[3.719217] INFO: Read: size=133, data=C10301808E05150102F1A805150102F18B05150102F1BC05150102F1B205150102F0B505150102F0BF05150102F0CB05150102F0BB05150102F0BE05150102F0B005150102EFBD05150102EFC005140102EFB705140102EFDE05140102EFC005140102EFB905140102EE9A05140102EEB005140102EEED05140102EEE805140102EEF10587
[3.719261] INFO: Write: size=11, data=C0030106070080020000AC
[3.752802] INFO: Read: size=133, data=C1030180140102EEF505140102EDEF05140102EDEF05140102EDFA05140102EDD505140102EDD305140102EDE605140102ECED05140102ECD705140102ECF105140102ECD305140102ECE605140102ECB905140102EBCC05140102EBC605140102EB9E05140102EB8F05140102EB7B05140102EB7805140102EA6205140102EA3B0514012E
[3.752835] INFO: Write: size=11, data=C00301060700000300002B
[3.786420] INFO: Read: size=133, data=C103018002EA7105140102EA8105140102EA8F05140102EAA505140102E99505140102E97E05140102E98905140102E97205140102E98205140102E99F05140102E8A405130102E89B05130102E89005130102E89005130102E8B705130102E8B205130102E79F05130102E79905130102E7AC05130102E7A405130102E79005130102E74A
[3.786449] INFO: Write: size=11, data=C0030106070080030000AB
[3.818447] INFO: Read: size=133, data=C1030180B205130102E6CD05130102E6D105130102E6B605130102E6E705130102E6F805130102E6FA05130102E5EA05130102E5E105130102E5EE05130102E50A06130102E50D06130102E51506130102E41806130102E41906130102E40E06130102E4EB05130102E40106130102E41C06130102E3F205130102E3CF05130102E3DC050B
[3.818477] INFO: Write: size=11, data=C00301060700000400002A
[3.851717] INFO: Read: size=133, data=C1030180130102E3CF05130102E3BF05130102E3E205130102E2D405130102E2FE05130102E20706130102E20A06130102E2EE05130102E2FB05130102E11106130102E11906130102E10806130102E1F405130102E1F305130102E1CB05130102E00306130102E00C06130102E01006130102E01906130102E0DE05130102E0F6051301BF
[3.851742] INFO: Write: size=11, data=C0030106070080040000AA
[3.884436] INFO: Read: size=133, data=C103018002DFEA05130102DF0F06130102DFE705130102DFDA05130102DFCB05130102DFC005130102DEB805130102DEAA05130102DEAC05130102DE9B05130102DE9305130102DEBC05130102DD9105130102DD7D05130102DD5F05130102DD7505130102DD4D05130102DD6705130102DC8205130102DC9705130102DC6705130102DC21
[3.884484] INFO: Write: size=11, data=C003010607000005000029
[3.916228] INFO: Read: size=133, data=C10301804A05130102DC8205130102DC7F05130102DB8505130102DBB305130102DBA605130102DB9F05130102DB9605130102DB8E05130102DA6705130102DA7B05130102DA9B05130102DA8705130102DA9C05130102DA7D05130102D99105130102D9BF05130102D9D005130102D9D405130102D9DC05130102D9C805130102D8A30556
[3.916267] INFO: Write: size=11, data=C0030106070080050000A9
[3.961629] INFO: Read: size=133, data=C1030180130102D8B705130102D89705130102D8E205130102D8DC05130102D8F805130102D7AE05130102D7BD05130102D79605130102D78805130102D76B05130102D75805130102D66805130102D65D05130102D65D05130102D68405130102D69005130102D65D05130102D57B05130102D56C05130102D55505130102D5370513017F
[3.961662] INFO: Write: size=11, data=C003010607000006000028
[4.005803] INFO: Read: size=133, data=C103018002D54505130102D57A05130102D49205130102D48905130102D48805130102D48B05130102D48905130102D46E05130102D37405130102D38205130102D37C05130102D37F05130102D35A05130102D37E05130102D25905130102D26C05130102D24C05130102D26C05130102D26505130102D26A05130102D14D05130102D119
[4.005836] INFO: Write: size=11, data=C0030106070080060000A8
[4.029170] INFO: Read: size=133, data=C10301804C05130102D16505130102D18505130102D18705130102D18805130102D09A05130102D09405130102D07505130102D06505130102D04205130102D02905130102CF9705130102CFAC05130102CFB405130102CFC105130102CFAA05130102CF7C05130102CE5D05130102CE2105130102CE8305130102CEBB05130102CEB00578
[4.029275] INFO: Write: size=11, data=C003010607000007000027
[4.061435] INFO: Read: size=133, data=C1030180130102CE9E05130102CD9F0513010103A505B90BB80B02CDCD05130102CDCB05130102CDB505140102CDC905140102CDC505130102CCAE05130102CC9C05130102CCA005140102CCAD05140102CCCF05140102CCCC05140102CBDA05140102CBCC05140102CBCE05140102CBC405130102CBA905140102CBA605140102CA9D0500
[4.061466] INFO: Write: size=11, data=C0030106070080070000A7
[4.094107] INFO: Read: size=133, data=C1030180140102CA9905140102CAB205140102CAB405140102CABB05140102CAA605140102C9AC05140102C9B005140102C99805140102C9AB05140102C97C05140102C98505140102C8B205140102C87405140102C87605140102C87A05140102C86105140102C85105140102C74205140102C74205140102C73905140102C71805150147
[4.094143] INFO: Write: size=11, data=C003010607000008000026
[4.125098] INFO: Read: size=133, data=C103018002C7DC04150102C79B04150102C68204150102C62204150102C61704150102C6FB03150102C60A04150102C61804150102C50904150102C5CF04150102C54605150102C54A05150102C56E05150102C57205150102C45905150102C45005150102C45905150102C45605150102C46105150102C47305150102C3A005150102C311
[4.125135] INFO: Write: size=11, data=C0030106070080080000A6
[4.215198] INFO: Read: size=133, data=C10301808C05150102C38905150102C38905150102C39E05150102C3A605150102C2BD05150102C2DF05150102C2B905150102C2D405150102C2AB05150102C2BB05150102C1C705150102C1C005150102C1C105150102C1C305150102C1C305150102C1CC05150102C0CB05150102C0C405150102C0D705150102C0E205150102C0F4052F
[4.215244] INFO: Write: size=11, data=C003010607000009000025
[4.236801] INFO: Read: size=133, data=C1030180150102C0E805150102BFF905150102BFC205150102BFE205150102BFDC05150102BFDE05150102BFCE05150102BED505150102BECF05150102BEB705150102BECE05150102BEC705150102BE9E05150102BDB405150102BDAA05150102BD8705150102BDC205150102BDA505150102BD8005150102BC8905150102BC8805150137
[4.236825] INFO: Write: size=11, data=C0030106070080090000A5
[4.291847] INFO: Read: size=133, data=C103018002BC7E05150102BC6B05150102BC6505160102BC4405160102BB1F05160102BB0705160102BBC604160102BB0005160102BB2D04150102BB4504160102BAEA04160102BA1F05160102BA0005160102BAF204160102BAD204160102BAAA04160102B9AE04160102B99004150102B97C04150102B95B04150102B9FE03150102B9D8
[4.291885] INFO: Write: size=11, data=C00301060700000A000024
[4.334812] INFO: Read: size=133, data=C10301800E04150102B80804150102B80804150102B8F803150102B8F803140102B82004140102B80404140102B7ED03130102B7ED03130102B7EC03130102B7EE03120102B7F203120102B7EE03110102B6ED03110102B6EE03110102B6ED03100102B6EE030F0102B6ED030D01FF02FF9A04170102FF3A05170102FF5E05170102FF4C97
[4.334971] INFO: Write: size=7, data=C0020102060034
[4.359730] INFO: Read: size=161, data=C102019C0600000000000000260C0000150618121F1F1400B71300000A000000FD0500001601000000000000FA170800202408004430312D35430000E8030000000000000100000002000000000000000C000000000000005303A103D603F603FF03F203D703B60395037C036A035B034E0344033D033703000000000000000000000000000000000000000000000000000000000000000080510100000000001E
[4.359763] INFO: Write: size=11, data=C00301060600000000002F
[4.392272] INFO: Read: size=133, data=C103018002FF8604190102FF8204190102FF7B04190102FF9D04190102FFA204190102FFC004190102FEBC04190102FED404190102FE0605190102FE0F05190102FE0A05190102FE3005180102FD5505180102FD4B05180102FD4B05180102FD6905180102FD9205180102FD8C05180102FC8C05170102FC9105180102FCA805170102FCB3
[4.392302] INFO: Write: size=11, data=C0030106060080000000AF
[4.424908] INFO: Read: size=133, data=C1030180AF05170102FCBE05170102FC9F05170102FB9905170102FBB005170102FBB305170102FBB705170102FBC305170102FBB505170102FABF05170102FABB05170102FABD05170102FABE05170102FA9505170102FAAE05170102F99905170102F99205170102F9B305170102F9B005170102F9B505170102F9C805170102F8A1058B
[4.424949] INFO: Write: size=11, data=C00301060600000100002E
[4.457633] INFO: Read: size=133, data=C1030180170102F88D05170102F8B305170102F8B305170102F88905170102F8AD05170102F7E205170102F7B905170102F7B705170102F7A805170102F7AD05170102F7B205170102F6B205170102F6AD05170102F6AC05180102F6B105180102F6AF05170102F6AE05170102F5AA05170102F5AD05170102F5AA05170102F5C30517017C
[4.457727] INFO: Write: size=11, data=C0030106060080010000AE
[4.502742] INFO: Read: size=133, data=C103018002F5AE05170102F5B805170102F4B905170102F4B305170102F48D05170102F48105170102F49405170102F4CE05170102F3C305170102F3B005170102F3A405170102F3C805170102F3D905170102F3C305170102F2A105170102F29305170102F29B05170102F2BD05170102F29605170102F29A05170102F18005170102F152
[4.502774] INFO: Write: size=11, data=C00301060600000200002D
[4.536640] INFO: Read: size=133, data=C10301808305170102F19205170102F18405170102F1B105170102F19105170102F08805170102F06105170102F08C05170102F0AA05170102F08305170102F09505170102EFB105170102EFA105170102EF9B05170102EFD005170102EF7E05170102EFA705170102EEB205170102EEC105170102EEBE05170102EED705170102EEAE05DC
[4.536665] INFO: Write: size=11, data=C0030106060080020000AD
[4.568489] INFO: Read: size=133, data=C1030180170102EEA305170102EDBC05170102EDB005170102ED8A05170102EDCA05170102EDB205170102EDAE05170102EC8105170102ECD905170102EC9305170102EC6405170102EC8D05170102ECB905170102EBB305170102EBB805170102EBB305170102EBB605170102EBB305170102EBB005170102EAB405170102EAAF051701C9
[4.568522] INFO: Write: size=11, data=C00301060600000300002C
[4.600807] INFO: Read: size=133, data=C103018002EAA105170102EAB905170102EAB105170102EAB805170102E9B005170102E9B505170102E9B805170102E9B305170102E9B605170102E9B605170102E8B405170102E8B305170102E8B505170102E8EA05170102E8E205170102E8DD05170102E7C705170102E7E105170102E7DB05170102E7B605170102E7C805170102E770
[4.600834] INFO: Write: size=11, data=C0030106060080030000AC
[4.636208] INFO: Read: size=133, data=C1030180B005170102E6C605170102E6D405170102E6AE05170102E6A505170102E6BD05170102E6D205170102E5E805170102E5D605170102E5C905170102E5D105170102E5B105170102E5C905170102E4A805170102E49705170102E49F05170102E4AE05170102E4BA05170102E48405170102E39605170102E3A405170102E39705CE
[4.636230] INFO: Write: size=11, data=C00301060600000400002B
[4.724304] INFO: Read: size=133, data=C1030180170102E39805170102E37705170102E38405170102E2B005170102E2DC05170102E2E605170102E2CA05170102E2C305170102E2C605170102E1A905170102E19A05170102E1C605170102E1BA05170102E1D105170102E1D105170102E0C205170102E0CF05170102E0CA05170102E0D305170102E0BC05170102E0B005170145
[4.724335] INFO: Write: size=11, data=C0030106060080040000AB
[4.757346] INFO: Read: size=133, data=C103018002DFBA05170102DFA805170102DFBE05170102DFA305170102DFA805170102DFA605170102DEC605170102DEAF05170102DEA905170102DEB405170102DEB205170102DEC805170102DDA505170102DDC505170102DDD605170102DDD705170102DDD405170102DDDC05170102DCD305170102DCD405170102DCD305170102DC83
[4.757379] INFO: Write: size=11, data=C00301060600000500002A
[4.791783] INFO: Read: size=133, data=C1030180E405170102DCC005170102DCA405170102DB8705170102DBC905170102DBE205170102DBCA05170102DBED05170102DBE405170102DAE505170102DAE405170102DAE405170102DADC05170102DACA05170102DAF005170102D9F605170102D9E505170102D9DF05170102D9EF05170102D9E605170102D9EB05170102D8ED0587
[4.791841] INFO: Write: size=11, data=C0030106060080050000AA
[4.824761] INFO: Read: size=133, data=C1030180170102D8F305170102D8F205170102D8E105170102D8E505170102D8DB05170102D7F005170102D7C505170102D7E605170102D7DC05170102D7F605170102D7E205170102D6CA05170102D6D405170102D6E505170102D6D305170102D6EF05170102D6CF05170102D5B005170102D5BB05170102D5CA05170102D5D805170187
[4.824785] INFO: Write: size=11, data=C003010606000006000029
[4.857892] INFO: Read: size=133, data=C103018002D5C005170102D5C905170102D4BA05170102D4CE05170102D4C405170102D4DE05170102D4DC05170102D4EE05170102D3D805170102D3D505170102D3E005170102D3DA05170102D3E605170102D3ED05170102D2D905170102D2CB05170102D2DD05170102D2D105170102D2D505170102D2E805170102D1C405170102D181
[4.857919] INFO: Write: size=11, data=C0030106060080060000A9
[4.890671] INFO: Read: size=133, data=C1030180E205170102D1D505170102D1EF05170102D1DA05170102D1D005170102D0E805170102D0A405170102D0E305170102D0E305170102D0F105170102D0A505170102CFA005170102CF9605170102CFAA05170102CFA605170102CF9805170102CF8705170102CE8305170102CE9605170102CEAB05170102CE9705170102CE8B0563
[4.890775] INFO: Write: size=11, data=C003010606000007000028
[4.913742] INFO: Read: size=133, data=C1030180170102CE7205170102CD7105170101037405B90BB80B02CDA305170102CD7005170102CDA905170102CDD005170102CDD705170102CCCE05170102CCD505170102CCC805170102CCC105170102CCA805170102CC5B05170102CB8205170102CBC405170102CBE005170102CBBD05170102CBE205170102CBD705170102CA8705C2
[4.913772] INFO: Write: size=11, data=C0030106060080070000A8
[4.948843] INFO: Read: size=133, data=C1030180170102CAAE05170102CABB05170102CAE305170102CACA05170102CACC05170102C9D705170102C9C305170102C9DC05170102C9D205170102C9CE05170102C9E105170102C8C705170102C8CE05170102C8CD05170102C89D05170102C8E505170102C8C105170102C7C605170102C7A005170102C7B705170102C79C0517016C
[4.948869] INFO: Write: size=11, data=C003010606000008000027
[4.992293] INFO: Read: size=133, data=C103018002C78705170102C7D605170102C6D905170102C6D505170102C6D805170102C6CC05170102C6CF05170102C6B805170102C58B05170102C5C205170102C5E405170102C5CF05170102C5D605170102C5E705170102C4D805170102C49F05170102C48905170102C4DA05170102C4D405170102C4D905170102C3CA05170102C3FB
[4.992316] INFO: Write: size=11, data=C0030106060080080000A7
[5.024650] INFO: Read: size=133, data=C1030180E805170102C3D905170102C3C305170102C3C705170102C3B305170102C2A305170102C2A105170102C2AB05170102C29B05170102C2B605170102C2D905170102C1D905170102C1C205170102C1F705170102C1B305170102C1CA05170102C1D905170102C0BD05170102C0D905170102C0B605170102C0C905170102C0D50563
[5.024685] INFO: Write: size=11, data=C003010606000009000026
[5.055697] INFO: Read: size=133, data=C1030180170102C0AB05170102BFBE05170102BFC705170102BFDC05170102BFF205170102BFDC05170102BFC705170102BEEC05170102BED005170102BE9105170102BEB505170102BE8205170102BE5B05170102BDDA05170102BDD205170102BDC805170102BD9C05170102BDD305170102BDD705170102BCDA05170102BCF40517017B
[5.055730] INFO: Write: size=11, data=C0030106060080090000A6
[5.077532] INFO: Read: size=133, data=C103018002BCEF05170102BCCC05170102BCC305170102BCBC05170102BB2E05170102BB5E05170102BB8D05170102BB9305170102BB8E05170102BBA905170102BA8905170102BAAB05170102BAB605170102BAB205170102BA9F05170102BAB605170102B99705170102B99A05170102B9E805170102B9E005170102B9CC05170102B956
[5.077564] INFO: Write: size=11, data=C00301060600000A000025
[5.129631] INFO: Read: size=133, data=C1030180C005170102B8BA05170102B8CB05170102B8A305170102B8A305170102B8AC05160102B8BC05170102B7EF05170102B7C805170102B7A705170102B7DB05170102B7D705170102B7FD05170102B6B405170102B6D805170102B6A105170102B6D404170102B66304170102B6EC03170102B5F303170102B5FB03170102B5F30307
[5.129663] INFO: Write: size=11, data=C00301060600800A0000A5
[5.215854] INFO: Read: size=133, data=C1030180170102B5FA03170102B50304170102B5F903170102B4EF03170102B4EF03170102B4F103170102B4F703170102B41304170102B41B04170102B30B04170102B3F303170102B3EF03170102B31304170102B31604170102B31C04170102B21204170102B21604170102B21604170102B21404170102B21D04170102B212041701E2
[5.215890] INFO: Write: size=11, data=C00301060600000B000024
[5.251638] INFO: Read: size=133, data=C103018002B11404170102B11004170102B10D04170102B10C04170102B10C04180102B11104180102B01904180102B02204180102B0EC03180102B0F003180102B01704180102B0F803190102AFFC03190102AF0D04190102AFED03190102AF0804190102AF1604190102AF0704190102AE0404190102AEFB03190102AEEF03190102AE8D
[5.251668] INFO: Write: size=11, data=C00301060600800B0000A4
[5.297303] INFO: Read: size=133, data=C1030180EB03180102AE0804190102AE1004190102ADEF03190102ADF203190102ADFE03190102ADEE03190102AD1304190102ADFE03190102ACFB03190102ACFE03190102AC0004190102AC1404190102AC0B04190102AC0304190102AB0604190102AB0A04190102AB0404190102ABF503190102ABF803190102ABFC03190102AAFA0312
[5.297336] INFO: Write: size=11, data=C00301060600000C000023
[5.332234] INFO: Read: size=133, data=C1030180190102AA0504190102AA0F04190102AA0A04190102AA0104190102AAFC03190102A900041901FF02FF5A04150102FF4E04150102FF5204150102FF4904150102FF4904160102FF7204160102FE6204160102FE6C04160102FE7104160102FE8F04160102FE9604160102FEAA04160102FDC404160102FDC604160102FDD50416CE
[5.332522] INFO: Write: size=7, data=C0020102050035
[5.366111] INFO: Read: size=161, data=C102019C0500000000000000C6000000150617131F0A1400D20000000A00000067040000130100000000000033170800F91708004430312D35430000E80300000000000001000000020000000900000000000000000000004F038E03B803CF03D203C503AE0392037803640356034B034103390333032F0300000000000000000000000000000000000000000000000000000000000000008051010000000000B6
[5.366144] INFO: Write: size=11, data=C003010605000000000030
[5.399058] INFO: Read: size=133, data=C103018002FF5A041D0102FF4C041D0102FF40041D0102FF4E041D0102FF49041D0102FF5E041D0102FE3F041D0102FEEE031D0102FEEF031D0102FEEE031D0102FE07041D0102FEEE031D0102FDFE031D0102FD07041D0102FD04041D0102FD1D041D0102FD01041D0102FD09041D0102FC01041D0102FC0F041D0102FC04041D0102FCDF
[5.399086] INFO: Write: size=11, data=C0030106050080000000B0
[5.562956] INFO: Read: size=133, data=C1030180FF031D0102FCED031C0102FCED031B0102FBED031B0102FBEC031A0102FBED03190102FBEC03170102FBEC03150102FBEC03140102FAEF03160102FAEC03160102FAED031501FF02FF8604190102FF8204190102FF7B04190102FF9D04190102FFA204190102FFC004190102FEBC04190102FED404190102FE0605190102FE0F23
[5.563028] INFO: Write: size=7, data=C0020102040036
[5.821331] INFO: Read: size=161, data=C102019C0400000000000000D40900001506171213151400D40F00000A000000010600001B010000000000005E0D0800321708004430312D35430000E8030000000000000100000002000000030000000900000000000000BA03EC0302040504F603DC03BC039A037C03670358034C0342033A033403300300000000000000000000000000000000000000000000000000000000000000008051010000000000E6
[5.821367] INFO: Write: size=11, data=C003010604000000000031
[6.081067] INFO: Read: size=133, data=C103018002FF68041F0102FF62041F0102FF4D041F0102FF3604200102FF4C041F0102FF71041F0102FE53041F0102FE83041F0102FE72041F0102FE8B041F0102FE5B041E0102FE9F041E0102FD9A041E0102FDA8041E0102FDC7041E0102FDED041D0102FDF1041D0102FDFA041D0102FC1E051D0102FC26051D0102FC1E051D0102FCC1
[6.081098] INFO: Write: size=11, data=C0030106040080000000B1
[6.331543] INFO: Read: size=133, data=C103018040051D0102FC5B051D0102FC36051D0102FB79051D0102FB77051D0102FB8B051D0102FB8D051D0102FB95051D0102FB83051D0102FAC3051D0102FA94051D0102FAB6051D0102FAAE051D0102FA8D051D0102FAB1051D0102F9BD051D0102F9A4051D0102F99D051D0102F960051D0102F987051D0102F9AE051D0102F8C605E5
[6.331575] INFO: Write: size=11, data=C003010604000001000030
[6.583015] INFO: Read: size=133, data=C10301801D0102F8A2051D0102F88D051D0102F893051D0102F894051D0102F8B1051D0102F79B051D0102F7AE051D0102F796051D0102F7C2051C0102F7EE051D0102F700061C0102F6DA051C0102F6B4051C0102F6C8051C0102F6EC051C0102F6C1051C0102F6D2051C0102F5D7051C0102F5CD051C0102F5CE051C0102F5B6051C01D1
[6.583035] INFO: Write: size=11, data=C0030106040080010000B0
[6.844574] INFO: Read: size=133, data=C103018002F5BF051D0102F5BB051C0102F4AE051C0102F4A6051D0102F49F051D0102F4B9051C0102F49B051D0102F4AD051C0102F3B1051C0102F3A2051D0102F3AD051D0102F3C4051C0102F3C8051C0102F3E9051C0102F2F5051D0102F293051D0102F2E3051D0102F2DC051C0102F2CC051C0102F2D2051C0102F1CB051C0102F146
[6.844606] INFO: Write: size=11, data=C00301060400000200002F
[7.098254] INFO: Read: size=133, data=C1030180A6051D0102F1A5051D0102F1D5051C0102F194051D0102F196051D0102F09E051D0102F0BE051D0102F0B8051D0102F0B0051D0102F0A8051D0102F09E051D0102EFD5051D0102EFBC051D0102EFB1051D0102EFCB051D0102EFF6051C0102EF92051D0102EEAE051D0102EE91051D0102EEB1051D0102EE9A051D0102EEBA05DD
[7.098279] INFO: Write: size=11, data=C0030106040080020000AF
[7.349456] INFO: Read: size=133, data=C10301801D0102EEBD051D0102EDA4051D0102EDBE051D0102ED7C051D0102ED72051D0102ED95051D0102EDB5051D0102EC97051D0102EC9C051D0102EC83051D0102EC66051D0102EC42051D0102EC63051D0102EB77051D0102EB26051D0102EB26051D0102EB33051D0102EB6A051D0102EB68051D0102EA98051D0102EA91051D0130
[7.349488] INFO: Write: size=11, data=C00301060400000300002E
[7.612506] INFO: Read: size=133, data=C103018002EA7D051D0102EAA3051D0102EAC2051D0102EA69051D0102E967051D0102E97C051D0102E983051D0102E9A2051D0102E999051D0102E998051D0102E8A5051D0102E898051D0102E886051D0102E884051D0102E8AF051D0102E8A3051D0102E7C1051D0102E7C5051D0102E7C2051D0102E7AC051D0102E7CA051D0102E7DC
[7.612626] INFO: Write: size=11, data=C0030106040080030000AE
[7.858663] INFO: Read: size=133, data=C1030180C4051D0102E6C0051D0102E6D6051C0102E68C051D0102E669051D0102E660051D0102E6C1051D0102E5C1051D0102E59A051D0102E5C3051D0102E590051D0102E5AE051D0102E5C2051D0102E4D0051C0102E493051D0102E49A051D0102E473051D0102E485051C0102E481051D0102E362051D0102E35A051D0102E37B05B1
[7.858700] INFO: Write: size=11, data=C00301060400000400002D
[8.112464] INFO: Read: size=133, data=C10301801D0102E377051D0102E386051D0102E378051C0102E280051D0102E283051D0102E261051D0102E294051C0102E283051C0102E27C051D0102E1A2051D0102E17F051C0102E17F051D0102E14A051D0102E19B051C0102E179051C0102E070051C0102E094051D0102E075051D0102E07F051C0102E061051D0102E064051C01FA
[8.112495] INFO: Write: size=11, data=C0030106040080040000AD
[8.366830] INFO: Read: size=133, data=C103018002DF8F051C0102DFB9051C0102DF90051D0102DF87051D0102DF9C051C0102DF79051C0102DE8B051C0102DE67051D0102DE84051C0102DE58051D0102DE8F051D0102DE95051C0102DDA6051C0102DDB9051C0102DDA0051C0102DDA0051C0102DD8D051C0102DD68051C0102DC79051C0102DC88051C0102DC92051D0102DC25
[8.366855] INFO: Write: size=11, data=C00301060400000500002C
[8.629483] INFO: Read: size=133, data=C103018089051C0102DCB6051C0102DC8E051C0102DB55051D0102DB95051C0102DBA2051C0102DB7D051C0102DB98051C0102DB7B051C0102DA4A051C0102DA64051D0102DAA6051C0102DA87051C0102DAB5051C0102DA63051C0102D983051C0102D9AB051C0102D9CC051C0102D9B4051C0102D9A1051C0102D9CE051C0102D8BA0528
[8.629507] INFO: Write: size=11, data=C0030106040080050000AC
[8.879453] INFO: Read: size=133, data=C10301801C0102D8D4051C0102D8BE051C0102D8BF051C0102D89F051C0102D8A3051C0102D799051C0102D7C3051C0102D7C4051C0102D7DA051C0102D787051C0102D77F051C0102D680051C0102D694051C0102D69A051C0102D67F051C0102D695051C0102D642051C0102D56C051C0102D561051C0102D5A4051C0102D58D051C017A
[8.879482] INFO: Write: size=11, data=C00301060400000600002B
[9.135386] INFO: Read: size=133, data=C103018002D5A7051C0102D58B051C0102D47E051C0102D44F051C0102D47D051C0102D4AE051C0102D4B1051C0102D493051C0102D3AA051C0102D374051C0102D373051C0102D366051C0102D35B051C0102D389051C0102D282051C0102D280051C0102D266051C0102D28E051C0102D273051C0102D266051C0102D160051C0102D12A
[9.135407] INFO: Write: size=11, data=C0030106040080060000AB
[9.519377] INFO: Read: size=133, data=C10301805C051C0102D16F051C0102D14C051C0102D126051C0102D145051C0102D05B051C0102D030051C0102D015051C0102D002051C0102D0F3041C0102D003051C0102CF20051C0102CF08051C0102CFF4041C0102CFF4041C0102CF0B051C0102CFFB041C0102CE1C051C0102CEF9041C0102CE19051C0102CE07051C0102CE0E054F
[9.519414] INFO: Write: size=11, data=C00301060400000700002A
[9.778992] INFO: Read: size=133, data=C10301801C0102CEE7041C0102CDCD041C010103DB04B90BB80B02CDF2041C0102CDDF041C0102CDAD041C0102CDC9041C0102CDC9041C0102CCFB041C0102CCE8041C0102CCB4041C0102CCEE041C0102CCE8041C0102CC04051C0102CB03051C0102CBE9041C0102CBE2041C0102CBF0041C0102CBFC041C0102CBF3041C0102CA0505BA
[9.779029] INFO: Write: size=11, data=C0030106040080070000AA
[10.024712] INFO: Read: size=133, data=C10301801C0102CAE3041C0102CA1E051B0102CA20051B0102CA27051B0102CA43051B0102C93D051B0102C930051B0102C91B051B0102C930051B0102C91C051B0102C91A051B0102C821051B0102C8EB041B0102C813051B0102C807051B0102C8F9041C0102C8FF041C0102C7F1041C0102C702051C0102C7F7041C0102C71E051C01AA
[10.024751] INFO: Write: size=11, data=C003010604000008000029
[10.288997] INFO: Read: size=133, data=C103018002C716051C0102C707051C0102C618051C0102C625051C0102C635051C0102C60D051C0102C648051C0102C653051C0102C54F051C0102C558051C0102C563051C0102C555051C0102C556051C0102C58B051C0102C47E051C0102C478051C0102C494051C0102C487051C0102C4A2051C0102C4AA051C0102C3BF051C0102C343
[10.289031] INFO: Write: size=11, data=C0030106040080080000A9
[10.539788] INFO: Read: size=133, data=C1030180A2051C0102C38A051C0102C3A2051C0102C3A9051C0102C3B2051C0102C28B051C0102C2C4051C0102C2BD051C0102C2C7051C0102C2C8051C0102C2BA051C0102C1A3051C0102C1AD051C0102C1B4051C0102C172051C0102C177051C0102C175051C0102C040051C0102C072051C0102C065051C0102C04D051C0102C064053B
[10.539898] INFO: Write: size=11, data=C003010604000009000028
[10.791037] INFO: Read: size=133, data=C10301801C0102C053051C0102BF2E051C0102BF14051C0102BFF3041C0102BFE4041C0102BFE9041C0102BFA5041C0102BEB5041C0102BECA041C0102BEA9041C0102BE70041D0102BE8F041C0102BE85041D0102BD5B041D0102BD71041D0102BD7F041D0102BD84041D0102BD72041D0102BD80041D0102BC8A041D0102BC8D041D019F
[10.791058] INFO: Write: size=11, data=C0030106040080090000A8
[11.053797] INFO: Read: size=133, data=C103018002BC7C041D0102BC20041D0102BCED031D0102BCEF031E0102BBED031D0102BBEE031B0102BBFD031C0102BB06041D0102BBF5031D0102BB07041D0102BA0D041D0102BAFA031D0102BA01041D0102BAFD031D01FF02FF5A041D0102FF4C041D0102FF40041D0102FF4E041D0102FF49041D0102FF5E041D0102FE3F041D01022C
[11.053990] INFO: Write: size=7, data=C0020102030037
[11.309134] INFO: Read: size=161, data=C102019C0300000000000000540300001506161401381400130500000A000000F80500001E01000000000000090A08005D0D08004430312D35430000E8030000000000000100000002000000060000000300000000000000AE03DA03EB03F003E703D303B70399037C03680359034B034103380331032B0300000000000000000000000000000000000000000000000000000000000000008051010000000000DB
[11.309164] INFO: Write: size=11, data=C003010603000000000032
[11.558470] INFO: Read: size=133, data=C103018002FF8904230102FF3505230102FF8705230102FF7A05230102FF6405230102FF7A05230102FE7405230102FE6D05240102FE9905240102FEC005240102FEA505230102FEDA05230102FDDF05230102FDE005230102FDDA05230102FDDE05230102FDB405230102FDA705230102FC8705230102FC7105240102FC8605240102FCBB
[11.558501] INFO: Write: size=11, data=C0030106030080000000B2
[11.809403] INFO: Read: size=133, data=C10301808B05240102FC9405240102FC9B05230102FB8005230102FB6805230102FB7E05240102FB7A05240102FB7705230102FB7605230102FA2B05240102FA5405240102FA1205240102FA3E05240102FA4E05240102FA6505240102F93B05250102F93805250102F91705250102F93305250102F91F05250102F93605250102F83C053D
[11.809435] INFO: Write: size=11, data=C003010603000001000031
[12.068835] INFO: Read: size=133, data=C1030180250102F84C05250102F84305250102F82F05250102F81E05250102F8FC04250102F7F704260102F7D804260102F7FB04260102F7F904260102F7FD04260102F7E604260102F6D804260102F6A904260102F6BD04260102F6D504260102F6FD04260102F61405260102F5EB04260102F50205260102F51505260102F517052601EB
[12.068859] INFO: Write: size=11, data=C0030106030080010000B1
[12.321575] INFO: Read: size=133, data=C103018002F50905260102F51605260102F41F05260102F41B05260102F40505260102F41A05260102F4F704260102F44305260102F34F05260102F35105260102F37105260102F36605260102F39A05260102F39005260102F27F05260102F27A05260102F27B05260102F28A05260102F28805260102F28505260102F17205260102F141
[12.321608] INFO: Write: size=11, data=C003010603000002000030
[12.583150] INFO: Read: size=133, data=C10301806905260102F18605260102F19005260102F19E05260102F19D05260102F09405260102F0B105260102F0B405260102F0CE05260102F09C05260102F0B005260102EFB605260102EFA705260102EFA805260102EFB405260102EF8E05270102EF7C05270102EE5505270102EE6405270102EE5805270102EE5705270102EE2A0523
[12.583185] INFO: Write: size=11, data=C0030106030080020000B0
[12.829833] INFO: Read: size=133, data=C1030180270102EE3E05270102ED2D05270102ED1F05270102ED0605270102EDF904270102EDF404270102ED0005270102ECD004270102ECAF04270102EC7E04270102EC4C04270102EC5004270102EC5904280102EB7E04280102EB6A04280102EB8204280102EB6904280102EB8004280102EB6104280102EA7404280102EA5C04280171
[12.829863] INFO: Write: size=11, data=C00301060300000300002F
[13.091162] INFO: Read: size=133, data=C103018002EA3C04280102EA5F04280102EAFA03290102EAE903280102E9F003290102E9EA03280102E9F003280102E9EB03250102E9EB03250102E9EA03220102E8EA03210102E8EA03200102E8E9031F0102E8EB031E01FF02FF68041F0102FF62041F0102FF4D041F0102FF3604200102FF4C041F0102FF71041F0102FE53041F010291
[13.091299] INFO: Write: size=7, data=C0020102020038
[13.344290] INFO: Read: size=161, data=C102019C0200000000000000E40600001506161307101400FC0A00000A000000020600001F0100000000000024030800080A08004430312D35430000E8030000000000000100000002000000220000000600000000000000FB03230425041204F003CB03A6038503690357034A033F03370330032A032603000000000000000000000000000000000000000000000000000000000000000020FD000000000000D8
[13.344429] INFO: Write: size=11, data=C003010602000000000033
[13.597477] INFO: Read: size=133, data=C103018002FF7804290102FF7C04290102FF7804290102FF6404290102FF9A04290102FF7B04290102FE7704290102FEE804290102FEFF04290102FEF904290102FEDB04290102FEEC04290102FD2605290102FD2B05280102FD4905280102FD6005280102FD9305280102FD4E05280102FC8505280102FC7C05280102FC6B05280102FCB1
[13.597507] INFO: Write: size=11, data=C0030106020080000000B3
[13.855665] INFO: Read: size=133, data=C10301807405280102FC7805280102FC9305280102FBB605270102FBCB05270102FBD905270102FBAB05270102FBB905270102FBC905270102FAD005270102FA9505270102FABC05270102FAC705270102FADE05270102FABB05270102F9B205270102F9A105270102F9B905270102F9BC05270102F9D005270102F99A05270102F8B605E4
[13.855696] INFO: Write: size=11, data=C003010602000001000032
[14.109880] INFO: Read: size=133, data=C1030180270102F8B505270102F89A05270102F8D405270102F8CF05270102F8C105270102F77705270102F7A205270102F7A505270102F7A405270102F78105270102F7C905270102F6E505270102F68505270102F6D105270102F6AC05270102F6D205270102F6B605270102F5C405270102F5AC05270102F5BA05270102F5C1052701C4
[14.109922] INFO: Write: size=11, data=C0030106020080010000B2
[14.366498] INFO: Read: size=133, data=C103018002F59A05270102F5BC05270102F4B905270102F48505270102F48205270102F4BC05270102F4C005270102F4A105270102F39305270102F37B05270102F3C005270102F38605270102F3CD05270102F3BB05270102F29A05270102F2AA05270102F2A205270102F2A305270102F2AD05270102F2CF05270102F1B805270102F12F
[14.366526] INFO: Write: size=11, data=C003010602000002000031
[14.614801] INFO: Read: size=133, data=C1030180C105270102F1B805270102F1B105270102F1D105270102F1E705270102F0EF05270102F0D305270102F0C405270102F08405270102F0BE05270102F0CF05270102EF7C05270102EF9F05270102EFBD05270102EFC305270102EFC705270102EFC605270102EE7305270102EE6805270102EE7705270102EE8A05270102EEAD050C
[14.614831] INFO: Write: size=11, data=C0030106020080020000B1
[14.877760] INFO: Read: size=133, data=C1030180270102EE9405270102EDBD05270102EDDA05270102EDAC05270102ED7E05270102ED8205270102EDB005270102ECD305270102ECC805270102EC9405270102EC9605270102EC6B05270102ECA905270102EBBD05270102EB9B05270102EB9305270102EB9805270102EB8B05270102EB8E05270102EAB905270102EAC8052701E0
[14.877792] INFO: Write: size=11, data=C003010602000003000030
[15.128261] INFO: Read: size=133, data=C103018002EAD305270102EA9705270102EAA805270102EAA105270102E9A605270102E98B05270102E99E05270102E99C05270102E9AF05270102E9DA05270102E8DA05270102E8F605270102E8E705270102E8CC05270102E8D105270102E8C005270102E7CA05270102E7DE05270102E7C505270102E7B505270102E7A105270102E767
[15.128293] INFO: Write: size=11, data=C0030106020080030000B0
[15.386264] INFO: Read: size=133, data=C10301808505270102E69705270102E6CC05270102E6E705270102E6B305270102E6CD05270102E68605270102E5B805270102E57005270102E57505270102E59B05270102E5A405270102E5C505270102E4A605270102E49105270102E4BA05270102E4A005270102E4A605270102E46605270102E38005270102E3A405270102E39D0543
[15.386292] INFO: Write: size=11, data=C00301060200000400002F
[15.638844] INFO: Read: size=133, data=C1030180270102E36805270102E3B905270102E38D05270102E2A605270102E2C905270102E2B105260102E27E05260102E28905260102E28705260102E16005260102E15E05260102E16E05260102E16E05260102E16C05260102E14B05260102E03605260102E05C05260102E04405260102E02405260102E01A05260102E02905260162
[15.638877] INFO: Write: size=11, data=C0030106020080040000AF
[15.897656] INFO: Read: size=133, data=C103018002DF2905260102DFE704260102DF0E05260102DFFC04260102DF1105260102DF0B05260102DE1705260102DE1805260102DEE504260102DE2005260102DE5905260102DE2405260102DD2005260102DD3A05260102DD1605260102DD4505260102DD6405260102DD6C05250102DC1305250102DC2805250102DC2A05260102DC1B
[15.897689] INFO: Write: size=11, data=C00301060200000500002E
[16.151061] INFO: Read: size=133, data=C10301809205250102DC7205250102DC1905250102DB2B05250102DB8605250102DBC705250102DB7605250102DB4F05240102DB6A05250102DA6E05250102DA8105250102DA8B05250102DAC705250102DA8305240102DA6605250102D99805250102D97805240102D96D05250102D97E05240102D93205240102D93505250102D8730562
[16.151165] INFO: Write: size=11, data=C0030106020080050000AE
[16.409085] INFO: Read: size=133, data=C1030180250102D86D05250102D86E05250102D89305240102D88205240102D88E05240102D79605240102D7A405230102D79205230102D7AB05230102D7A705230102D7B705230102D6B605230102D69305230102D6AC05230102D6C605230102D6BC05230102D6B705230102D57E05230102D5CC05230102D5A105230102D5C705230138
[16.409118] INFO: Write: size=11, data=C00301060200000600002D
[16.659594] INFO: Read: size=133, data=C103018002D5AD05230102D5DC05230102D4D205230102D4C705230102D4AE05230102D4B105230102D4A105240102D48805240102D3D305240102D3B005240102D3AE05240102D3DF05240102D39805240102D39D05240102D2A005240102D2A405240102D2C505240102D2A105240102D28205240102D24805240102D13905240102D164
[16.659626] INFO: Write: size=11, data=C0030106020080060000AD
[16.914500] INFO: Read: size=133, data=C10301805005250102D14A05240102D12B05240102D10005240102D12D04250102D0EB03250102D0EA03240102D0EB03240102D0E903230102D0E903230102D0EC03240102CFE903240102CFEA03240102CFE903220102CFEA03210102CFEA031F0102CFEA032001FF02FF8904230102FF3505230102FF8705230102FF7A05230102FF6444
[16.914817] INFO: Write: size=7, data=C0020102010039
[17.168324] INFO: Read: size=161, data=C102019C0100000000000000220300001301111203000000090400000A000000BF340000F80000000000000001000800230308004430312D34430000E80300000000000001000000020000000000000022000000000000007B1914199615D611640EA90B7509C0077706A6051C05AE0458041304DD03B203000000000000000000000000000000000000000000000000000000000000000020FD00004038000057
[17.168352] INFO: Write: size=11, data=C003010601000000000034
[17.425268] INFO: Read: size=133, data=C103018002C5DC0ADC05B4000206500C350102D4BD0D350102F20F0F3501020640103501021542113501029E3312350102A2141335010243E81335010226C414350102DF9B153501020C6116350102422817350102D8DB17350102CC99183601029D53193601010B0100A000041A02000B1A36010207C01A36010244681B36010288111C9B
[17.425308] INFO: Write: size=11, data=C0030106010080000000B4
[17.681091] INFO: Read: size=133, data=C1030180360102E5BC1C36010222641D3601027F0F1E360102B6B61E3701029E531F37010287F01F3701020F83203701028EE320020002631821370102A2A821370102C03022370102DAB622380102E33823380102DBB623380102CF3324380102AEAB243801027D1F253801023B8E25380102EDFB253801028260263901020AC226390159
[17.681110] INFO: Write: size=11, data=C003010601000001000033
[17.934966] INFO: Read: size=133, data=C103018002852127390102F17C273901024FD327390102992628390102E27828390102C4B128040002E6B928F00A6300021FC7283901029DE7281C0C3D00025916293901029264293A0102AEAB293A0102D7F5293A010244112A480D3D0002E93A2A3A0102F47D2A3A0102F3BC2A3A0102E9FA2A3A01027B1E2B740E3D0002CE332B3A0171
[17.934994] INFO: Write: size=11, data=C0030106010080010000B3
[18.188092] INFO: Read: size=133, data=C103018002AB6A2B3A01022C8B2B3A010218862B3A01020D832B3A010208822BA00F3D0002FF7F2B3A010200802B3A0102FC7F2B3A0102F87E2B3A0102F37C2B3A0102F47D2BCC103D0002EF7B2B3A0102F37C2B3A0102F27C2B3A0102FB7E2B3A0102F27C2B3A0102F67D2B3A010203802BF8113D0002FA7E2B3A010203802B3A0102028A
[18.188112] INFO: Write: size=11, data=C003010601000002000032
[18.442884] INFO: Read: size=133, data=C1030180802B3A010201802B3A0102F87E2B3A010201802B3A0102F87E2B3A0102F87E2B24133D0002FB7E2B3A0102F27C2B3A0102F27C2B3A0102F27C2B3A0102ED7B2B3A0102F17C2B390102EC7B2B390102ED7B2B390102EB7A2B390102EB7A2B50143D0002E7792B390102EA7A2B390102E2782B390102E6792B390102E5792B3901AE
[18.442913] INFO: Write: size=11, data=C0030106010080020000B2
[18.697319] INFO: Read: size=133, data=C103018002E97A2B390102E4792B390102E4792B390102E3782B390102DF772B390102E2782B390102DE772B390102E2782B7C153D0002DE772B390102D9762B390102D9762B390102DD772B390102D7752B380102D7752B380102DF772B380102DE772B380102DF772B380102DE772B380102D9762B380102DD772B380102DE772B3801B8
[18.697346] INFO: Write: size=11, data=C003010601000003000031
[18.954425] INFO: Read: size=133, data=C103018002D9762B380102D8762B380102D8762B380102D7752B380102D7752B380102D6752B3802FF7804290102FF7C04290102FF7804290102FF6404290102FF9A04290102FF7B04290102FE7704290102FEE804290102FEFF04290102FEF904290102FEDB04290102FEEC04290102FD2605290102FD2B05280102FD4905280102FD60D7
[18.954584] WARNING: Unexpected end of data. [in src/deepsix_excursion_parser.c:204 (deepsix_excursion_parser_samples_foreach)]
